
  “ An unexamined life is not worth living. ”
  — Socrates


  “ The only way to do great work is to love what you do. ”
  — Steve Jobs


  “ Happiness is not something readymade. It comes from your own actions. ”
  — Dalai Lama


  “ Walk as if you are kissing the Earth with your feet. ”
  — Thich Nhat Hanh


   ERROR  There are no commands defined in the "app" namespace.  


   ErrorException 

  Object of class Illuminate\Database\Eloquent\Collection could not be converted to int

  at vendor\laravel\framework\src\Illuminate\Console\Command.php:211
    207▕ 
    208▕         $method = method_exists($this, 'handle') ? 'handle' : '__invoke';
    209▕ 
    210▕         try {
  ➜ 211▕             return (int) $this->laravel->call([$this, $method]);
    212▕         } finally {
    213▕             if ($this instanceof Isolatable && $this->option('isolated') !== false) {
    214▕                 $this->commandIsolationMutex()->forget($this);
    215▕             }

  1   vendor\laravel\framework\src\Illuminate\Console\Command.php:211
      Illuminate\Foundation\Bootstrap\HandleExceptions::Illuminate\Foundation\Bootstrap\{closure}("Object of class Illuminate\Database\Eloquent\Collection could not be converted to int", "S:\S_drive\projects\Ponisha\Auction\Auction-repo\vendor\laravel\framework\src\Illuminate\Console\Command.php")

  2   vendor\symfony\console\Command\Command.php:326
      Illuminate\Console\Command::execute(Object(Symfony\Component\Console\Input\ArgvInput), Object(Illuminate\Console\OutputStyle))


   ErrorException 

  Object of class Illuminate\Database\Eloquent\Collection could not be converted to int

  at vendor\laravel\framework\src\Illuminate\Console\Command.php:211
    207▕ 
    208▕         $method = method_exists($this, 'handle') ? 'handle' : '__invoke';
    209▕ 
    210▕         try {
  ➜ 211▕             return (int) $this->laravel->call([$this, $method]);
    212▕         } finally {
    213▕             if ($this instanceof Isolatable && $this->option('isolated') !== false) {
    214▕                 $this->commandIsolationMutex()->forget($this);
    215▕             }

  1   vendor\laravel\framework\src\Illuminate\Console\Command.php:211
      Illuminate\Foundation\Bootstrap\HandleExceptions::Illuminate\Foundation\Bootstrap\{closure}("Object of class Illuminate\Database\Eloquent\Collection could not be converted to int", "S:\S_drive\projects\Ponisha\Auction\Auction-repo\vendor\laravel\framework\src\Illuminate\Console\Command.php")

  2   vendor\symfony\console\Command\Command.php:326
      Illuminate\Console\Command::execute(Object(Symfony\Component\Console\Input\ArgvInput), Object(Illuminate\Console\OutputStyle))


   ErrorException 

 